[2019-03-08 03:11:12] local.ERROR: Class 'Tymon\JWTAuth\Providers\LaravelServiceProvider' not found {"exception":"[object] (Symfony\\Component\\Debug\\Exception\\FatalThrowableError(code: 0): Class 'Tymon\\JWTAuth\\Providers\\LaravelServiceProvider' not found at F:\\Study\\TopUp\\COMP1640 - Enterprise Web Software Development\\Code\\larang-topup\\back-end\\vendor\\laravel\\framework\\src\\Illuminate\\Foundation\\ProviderRepository.php:208)
[stacktrace]
#0 F:\\Study\\TopUp\\COMP1640 - Enterprise Web Software Development\\Code\\larang-topup\\back-end\\vendor\\laravel\\framework\\src\\Illuminate\\Foundation\\ProviderRepository.php(144): Illuminate\\Foundation\\ProviderRepository->createProvider('Tymon\\\\JWTAuth\\\\P...')
#1 F:\\Study\\TopUp\\COMP1640 - Enterprise Web Software Development\\Code\\larang-topup\\back-end\\vendor\\laravel\\framework\\src\\Illuminate\\Foundation\\ProviderRepository.php(61): Illuminate\\Foundation\\ProviderRepository->compileManifest(Array)
#2 F:\\Study\\TopUp\\COMP1640 - Enterprise Web Software Development\\Code\\larang-topup\\back-end\\vendor\\laravel\\framework\\src\\Illuminate\\Foundation\\Application.php(574): Illuminate\\Foundation\\ProviderRepository->load(Array)
#3 F:\\Study\\TopUp\\COMP1640 - Enterprise Web Software Development\\Code\\larang-topup\\back-end\\vendor\\laravel\\framework\\src\\Illuminate\\Foundation\\Bootstrap\\RegisterProviders.php(17): Illuminate\\Foundation\\Application->registerConfiguredProviders()
#4 F:\\Study\\TopUp\\COMP1640 - Enterprise Web Software Development\\Code\\larang-topup\\back-end\\vendor\\laravel\\framework\\src\\Illuminate\\Foundation\\Application.php(211): Illuminate\\Foundation\\Bootstrap\\RegisterProviders->bootstrap(Object(Illuminate\\Foundation\\Application))
#5 F:\\Study\\TopUp\\COMP1640 - Enterprise Web Software Development\\Code\\larang-topup\\back-end\\vendor\\laravel\\framework\\src\\Illuminate\\Foundation\\Console\\Kernel.php(297): Illuminate\\Foundation\\Application->bootstrapWith(Array)
#6 F:\\Study\\TopUp\\COMP1640 - Enterprise Web Software Development\\Code\\larang-topup\\back-end\\vendor\\laravel\\framework\\src\\Illuminate\\Foundation\\Console\\Kernel.php(120): Illuminate\\Foundation\\Console\\Kernel->bootstrap()
#7 F:\\Study\\TopUp\\COMP1640 - Enterprise Web Software Development\\Code\\larang-topup\\back-end\\artisan(37): Illuminate\\Foundation\\Console\\Kernel->handle(Object(Symfony\\Component\\Console\\Input\\ArgvInput), Object(Symfony\\Component\\Console\\Output\\ConsoleOutput))
#8 {main}
"} 
[2019-03-08 03:32:50] local.ERROR: Class 'Tymon\JWTAuth\Providers\LaravelServiceProvider' not found {"exception":"[object] (Symfony\\Component\\Debug\\Exception\\FatalThrowableError(code: 0): Class 'Tymon\\JWTAuth\\Providers\\LaravelServiceProvider' not found at F:\\Study\\TopUp\\COMP1640 - Enterprise Web Software Development\\Code\\larang-topup\\back-end\\vendor\\laravel\\framework\\src\\Illuminate\\Foundation\\ProviderRepository.php:208)
[stacktrace]
#0 F:\\Study\\TopUp\\COMP1640 - Enterprise Web Software Development\\Code\\larang-topup\\back-end\\vendor\\laravel\\framework\\src\\Illuminate\\Foundation\\ProviderRepository.php(144): Illuminate\\Foundation\\ProviderRepository->createProvider('Tymon\\\\JWTAuth\\\\P...')
#1 F:\\Study\\TopUp\\COMP1640 - Enterprise Web Software Development\\Code\\larang-topup\\back-end\\vendor\\laravel\\framework\\src\\Illuminate\\Foundation\\ProviderRepository.php(61): Illuminate\\Foundation\\ProviderRepository->compileManifest(Array)
#2 F:\\Study\\TopUp\\COMP1640 - Enterprise Web Software Development\\Code\\larang-topup\\back-end\\vendor\\laravel\\framework\\src\\Illuminate\\Foundation\\Application.php(574): Illuminate\\Foundation\\ProviderRepository->load(Array)
#3 F:\\Study\\TopUp\\COMP1640 - Enterprise Web Software Development\\Code\\larang-topup\\back-end\\vendor\\laravel\\framework\\src\\Illuminate\\Foundation\\Bootstrap\\RegisterProviders.php(17): Illuminate\\Foundation\\Application->registerConfiguredProviders()
#4 F:\\Study\\TopUp\\COMP1640 - Enterprise Web Software Development\\Code\\larang-topup\\back-end\\vendor\\laravel\\framework\\src\\Illuminate\\Foundation\\Application.php(211): Illuminate\\Foundation\\Bootstrap\\RegisterProviders->bootstrap(Object(Illuminate\\Foundation\\Application))
#5 F:\\Study\\TopUp\\COMP1640 - Enterprise Web Software Development\\Code\\larang-topup\\back-end\\vendor\\laravel\\framework\\src\\Illuminate\\Foundation\\Console\\Kernel.php(297): Illuminate\\Foundation\\Application->bootstrapWith(Array)
#6 F:\\Study\\TopUp\\COMP1640 - Enterprise Web Software Development\\Code\\larang-topup\\back-end\\vendor\\laravel\\framework\\src\\Illuminate\\Foundation\\Console\\Kernel.php(120): Illuminate\\Foundation\\Console\\Kernel->bootstrap()
#7 F:\\Study\\TopUp\\COMP1640 - Enterprise Web Software Development\\Code\\larang-topup\\back-end\\artisan(37): Illuminate\\Foundation\\Console\\Kernel->handle(Object(Symfony\\Component\\Console\\Input\\ArgvInput), Object(Symfony\\Component\\Console\\Output\\ConsoleOutput))
#8 {main}
"} 
[2019-03-08 03:35:45] local.ERROR: Class 'Tymon\JWTAuth\Providers\LaravelServiceProvider' not found {"exception":"[object] (Symfony\\Component\\Debug\\Exception\\FatalThrowableError(code: 0): Class 'Tymon\\JWTAuth\\Providers\\LaravelServiceProvider' not found at F:\\Study\\TopUp\\COMP1640 - Enterprise Web Software Development\\Code\\larang-topup\\back-end\\vendor\\laravel\\framework\\src\\Illuminate\\Foundation\\ProviderRepository.php:208)
[stacktrace]
#0 F:\\Study\\TopUp\\COMP1640 - Enterprise Web Software Development\\Code\\larang-topup\\back-end\\vendor\\laravel\\framework\\src\\Illuminate\\Foundation\\ProviderRepository.php(144): Illuminate\\Foundation\\ProviderRepository->createProvider('Tymon\\\\JWTAuth\\\\P...')
#1 F:\\Study\\TopUp\\COMP1640 - Enterprise Web Software Development\\Code\\larang-topup\\back-end\\vendor\\laravel\\framework\\src\\Illuminate\\Foundation\\ProviderRepository.php(61): Illuminate\\Foundation\\ProviderRepository->compileManifest(Array)
#2 F:\\Study\\TopUp\\COMP1640 - Enterprise Web Software Development\\Code\\larang-topup\\back-end\\vendor\\laravel\\framework\\src\\Illuminate\\Foundation\\Application.php(574): Illuminate\\Foundation\\ProviderRepository->load(Array)
#3 F:\\Study\\TopUp\\COMP1640 - Enterprise Web Software Development\\Code\\larang-topup\\back-end\\vendor\\laravel\\framework\\src\\Illuminate\\Foundation\\Bootstrap\\RegisterProviders.php(17): Illuminate\\Foundation\\Application->registerConfiguredProviders()
#4 F:\\Study\\TopUp\\COMP1640 - Enterprise Web Software Development\\Code\\larang-topup\\back-end\\vendor\\laravel\\framework\\src\\Illuminate\\Foundation\\Application.php(211): Illuminate\\Foundation\\Bootstrap\\RegisterProviders->bootstrap(Object(Illuminate\\Foundation\\Application))
#5 F:\\Study\\TopUp\\COMP1640 - Enterprise Web Software Development\\Code\\larang-topup\\back-end\\vendor\\laravel\\framework\\src\\Illuminate\\Foundation\\Console\\Kernel.php(297): Illuminate\\Foundation\\Application->bootstrapWith(Array)
#6 F:\\Study\\TopUp\\COMP1640 - Enterprise Web Software Development\\Code\\larang-topup\\back-end\\vendor\\laravel\\framework\\src\\Illuminate\\Foundation\\Console\\Kernel.php(120): Illuminate\\Foundation\\Console\\Kernel->bootstrap()
#7 F:\\Study\\TopUp\\COMP1640 - Enterprise Web Software Development\\Code\\larang-topup\\back-end\\artisan(37): Illuminate\\Foundation\\Console\\Kernel->handle(Object(Symfony\\Component\\Console\\Input\\ArgvInput), Object(Symfony\\Component\\Console\\Output\\ConsoleOutput))
#8 {main}
"} 
