[2019-03-04 03:39:28] laravel.EMERGENCY: Unable to create configured logger. Using emergency logger. {"exception":"[object] (InvalidArgumentException(code: 0): Log [] is not defined. at F:\\Study\\TopUp\\COMP1640 - Enterprise Web Software Development\\Code\\larang-topup\\back-end\\vendor\\laravel\\framework\\src\\Illuminate\\Log\\LogManager.php:168)
[stacktrace]
#0 F:\\Study\\TopUp\\COMP1640 - Enterprise Web Software Development\\Code\\larang-topup\\back-end\\vendor\\laravel\\framework\\src\\Illuminate\\Log\\LogManager.php(102): Illuminate\\Log\\LogManager->resolve(NULL)
#1 F:\\Study\\TopUp\\COMP1640 - Enterprise Web Software Development\\Code\\larang-topup\\back-end\\vendor\\laravel\\framework\\src\\Illuminate\\Log\\LogManager.php(90): Illuminate\\Log\\LogManager->get(NULL)
#2 F:\\Study\\TopUp\\COMP1640 - Enterprise Web Software Development\\Code\\larang-topup\\back-end\\vendor\\laravel\\framework\\src\\Illuminate\\Log\\LogManager.php(498): Illuminate\\Log\\LogManager->driver()
#3 F:\\Study\\TopUp\\COMP1640 - Enterprise Web Software Development\\Code\\larang-topup\\back-end\\vendor\\laravel\\framework\\src\\Illuminate\\Foundation\\Exceptions\\Handler.php(114): Illuminate\\Log\\LogManager->error('Undefined const...', Array)
#4 F:\\Study\\TopUp\\COMP1640 - Enterprise Web Software Development\\Code\\larang-topup\\back-end\\app\\Exceptions\\Handler.php(37): Illuminate\\Foundation\\Exceptions\\Handler->report(Object(Symfony\\Component\\Debug\\Exception\\FatalThrowableError))
#5 F:\\Study\\TopUp\\COMP1640 - Enterprise Web Software Development\\Code\\larang-topup\\back-end\\vendor\\laravel\\framework\\src\\Illuminate\\Foundation\\Console\\Kernel.php(353): App\\Exceptions\\Handler->report(Object(Symfony\\Component\\Debug\\Exception\\FatalThrowableError))
#6 F:\\Study\\TopUp\\COMP1640 - Enterprise Web Software Development\\Code\\larang-topup\\back-end\\vendor\\laravel\\framework\\src\\Illuminate\\Foundation\\Console\\Kernel.php(132): Illuminate\\Foundation\\Console\\Kernel->reportException(Object(Symfony\\Component\\Debug\\Exception\\FatalThrowableError))
#7 F:\\Study\\TopUp\\COMP1640 - Enterprise Web Software Development\\Code\\larang-topup\\back-end\\artisan(37): Illuminate\\Foundation\\Console\\Kernel->handle(Object(Symfony\\Component\\Console\\Input\\ArgvInput), Object(Symfony\\Component\\Console\\Output\\ConsoleOutput))
#8 {main}
"} 
[2019-03-04 03:39:28] laravel.ERROR: Undefined constant 'Tymon\JWTAuth\Providers\JWTAuthServiceProvider' {"exception":"[object] (Symfony\\Component\\Debug\\Exception\\FatalThrowableError(code: 0): Undefined constant 'Tymon\\JWTAuth\\Providers\\JWTAuthServiceProvider' at F:\\Study\\TopUp\\COMP1640 - Enterprise Web Software Development\\Code\\larang-topup\\back-end\\config\\app.php:177)
[stacktrace]
#0 F:\\Study\\TopUp\\COMP1640 - Enterprise Web Software Development\\Code\\larang-topup\\back-end\\vendor\\laravel\\framework\\src\\Illuminate\\Foundation\\Bootstrap\\LoadConfiguration.php(72): require()
#1 F:\\Study\\TopUp\\COMP1640 - Enterprise Web Software Development\\Code\\larang-topup\\back-end\\vendor\\laravel\\framework\\src\\Illuminate\\Foundation\\Bootstrap\\LoadConfiguration.php(39): Illuminate\\Foundation\\Bootstrap\\LoadConfiguration->loadConfigurationFiles(Object(Illuminate\\Foundation\\Application), Object(Illuminate\\Config\\Repository))
#2 F:\\Study\\TopUp\\COMP1640 - Enterprise Web Software Development\\Code\\larang-topup\\back-end\\vendor\\laravel\\framework\\src\\Illuminate\\Foundation\\Application.php(211): Illuminate\\Foundation\\Bootstrap\\LoadConfiguration->bootstrap(Object(Illuminate\\Foundation\\Application))
#3 F:\\Study\\TopUp\\COMP1640 - Enterprise Web Software Development\\Code\\larang-topup\\back-end\\vendor\\laravel\\framework\\src\\Illuminate\\Foundation\\Console\\Kernel.php(297): Illuminate\\Foundation\\Application->bootstrapWith(Array)
#4 F:\\Study\\TopUp\\COMP1640 - Enterprise Web Software Development\\Code\\larang-topup\\back-end\\vendor\\laravel\\framework\\src\\Illuminate\\Foundation\\Console\\Kernel.php(120): Illuminate\\Foundation\\Console\\Kernel->bootstrap()
#5 F:\\Study\\TopUp\\COMP1640 - Enterprise Web Software Development\\Code\\larang-topup\\back-end\\artisan(37): Illuminate\\Foundation\\Console\\Kernel->handle(Object(Symfony\\Component\\Console\\Input\\ArgvInput), Object(Symfony\\Component\\Console\\Output\\ConsoleOutput))
#6 {main}
"} 
[2019-03-04 03:42:45] laravel.EMERGENCY: Unable to create configured logger. Using emergency logger. {"exception":"[object] (InvalidArgumentException(code: 0): Log [] is not defined. at F:\\Study\\TopUp\\COMP1640 - Enterprise Web Software Development\\Code\\larang-topup\\back-end\\vendor\\laravel\\framework\\src\\Illuminate\\Log\\LogManager.php:168)
[stacktrace]
#0 F:\\Study\\TopUp\\COMP1640 - Enterprise Web Software Development\\Code\\larang-topup\\back-end\\vendor\\laravel\\framework\\src\\Illuminate\\Log\\LogManager.php(102): Illuminate\\Log\\LogManager->resolve(NULL)
#1 F:\\Study\\TopUp\\COMP1640 - Enterprise Web Software Development\\Code\\larang-topup\\back-end\\vendor\\laravel\\framework\\src\\Illuminate\\Log\\LogManager.php(90): Illuminate\\Log\\LogManager->get(NULL)
#2 F:\\Study\\TopUp\\COMP1640 - Enterprise Web Software Development\\Code\\larang-topup\\back-end\\vendor\\laravel\\framework\\src\\Illuminate\\Log\\LogManager.php(498): Illuminate\\Log\\LogManager->driver()
#3 F:\\Study\\TopUp\\COMP1640 - Enterprise Web Software Development\\Code\\larang-topup\\back-end\\vendor\\laravel\\framework\\src\\Illuminate\\Foundation\\Exceptions\\Handler.php(114): Illuminate\\Log\\LogManager->error('Undefined const...', Array)
#4 F:\\Study\\TopUp\\COMP1640 - Enterprise Web Software Development\\Code\\larang-topup\\back-end\\app\\Exceptions\\Handler.php(37): Illuminate\\Foundation\\Exceptions\\Handler->report(Object(Symfony\\Component\\Debug\\Exception\\FatalThrowableError))
#5 F:\\Study\\TopUp\\COMP1640 - Enterprise Web Software Development\\Code\\larang-topup\\back-end\\vendor\\laravel\\framework\\src\\Illuminate\\Foundation\\Console\\Kernel.php(353): App\\Exceptions\\Handler->report(Object(Symfony\\Component\\Debug\\Exception\\FatalThrowableError))
#6 F:\\Study\\TopUp\\COMP1640 - Enterprise Web Software Development\\Code\\larang-topup\\back-end\\vendor\\laravel\\framework\\src\\Illuminate\\Foundation\\Console\\Kernel.php(132): Illuminate\\Foundation\\Console\\Kernel->reportException(Object(Symfony\\Component\\Debug\\Exception\\FatalThrowableError))
#7 F:\\Study\\TopUp\\COMP1640 - Enterprise Web Software Development\\Code\\larang-topup\\back-end\\artisan(37): Illuminate\\Foundation\\Console\\Kernel->handle(Object(Symfony\\Component\\Console\\Input\\ArgvInput), Object(Symfony\\Component\\Console\\Output\\ConsoleOutput))
#8 {main}
"} 
[2019-03-04 03:42:45] laravel.ERROR: Undefined constant 'Tymon\JWTAuth\Providers\JWTAuthServiceProvider' {"exception":"[object] (Symfony\\Component\\Debug\\Exception\\FatalThrowableError(code: 0): Undefined constant 'Tymon\\JWTAuth\\Providers\\JWTAuthServiceProvider' at F:\\Study\\TopUp\\COMP1640 - Enterprise Web Software Development\\Code\\larang-topup\\back-end\\config\\app.php:177)
[stacktrace]
#0 F:\\Study\\TopUp\\COMP1640 - Enterprise Web Software Development\\Code\\larang-topup\\back-end\\vendor\\laravel\\framework\\src\\Illuminate\\Foundation\\Bootstrap\\LoadConfiguration.php(72): require()
#1 F:\\Study\\TopUp\\COMP1640 - Enterprise Web Software Development\\Code\\larang-topup\\back-end\\vendor\\laravel\\framework\\src\\Illuminate\\Foundation\\Bootstrap\\LoadConfiguration.php(39): Illuminate\\Foundation\\Bootstrap\\LoadConfiguration->loadConfigurationFiles(Object(Illuminate\\Foundation\\Application), Object(Illuminate\\Config\\Repository))
#2 F:\\Study\\TopUp\\COMP1640 - Enterprise Web Software Development\\Code\\larang-topup\\back-end\\vendor\\laravel\\framework\\src\\Illuminate\\Foundation\\Application.php(211): Illuminate\\Foundation\\Bootstrap\\LoadConfiguration->bootstrap(Object(Illuminate\\Foundation\\Application))
#3 F:\\Study\\TopUp\\COMP1640 - Enterprise Web Software Development\\Code\\larang-topup\\back-end\\vendor\\laravel\\framework\\src\\Illuminate\\Foundation\\Console\\Kernel.php(297): Illuminate\\Foundation\\Application->bootstrapWith(Array)
#4 F:\\Study\\TopUp\\COMP1640 - Enterprise Web Software Development\\Code\\larang-topup\\back-end\\vendor\\laravel\\framework\\src\\Illuminate\\Foundation\\Console\\Kernel.php(120): Illuminate\\Foundation\\Console\\Kernel->bootstrap()
#5 F:\\Study\\TopUp\\COMP1640 - Enterprise Web Software Development\\Code\\larang-topup\\back-end\\artisan(37): Illuminate\\Foundation\\Console\\Kernel->handle(Object(Symfony\\Component\\Console\\Input\\ArgvInput), Object(Symfony\\Component\\Console\\Output\\ConsoleOutput))
#6 {main}
"} 
