[2019-03-04 03:39:56] local.ERROR: Class 'Tymon\JWTAuth\Providers\JWTAuthServiceProvider' not found {"exception":"[object] (Symfony\\Component\\Debug\\Exception\\FatalThrowableError(code: 0): Class 'Tymon\\JWTAuth\\Providers\\JWTAuthServiceProvider' not found at F:\\Study\\TopUp\\COMP1640 - Enterprise Web Software Development\\Code\\larang-topup\\back-end\\vendor\\laravel\\framework\\src\\Illuminate\\Foundation\\ProviderRepository.php:208)
[stacktrace]
#0 F:\\Study\\TopUp\\COMP1640 - Enterprise Web Software Development\\Code\\larang-topup\\back-end\\vendor\\laravel\\framework\\src\\Illuminate\\Foundation\\ProviderRepository.php(144): Illuminate\\Foundation\\ProviderRepository->createProvider('Tymon\\\\JWTAuth\\\\P...')
#1 F:\\Study\\TopUp\\COMP1640 - Enterprise Web Software Development\\Code\\larang-topup\\back-end\\vendor\\laravel\\framework\\src\\Illuminate\\Foundation\\ProviderRepository.php(61): Illuminate\\Foundation\\ProviderRepository->compileManifest(Array)
#2 F:\\Study\\TopUp\\COMP1640 - Enterprise Web Software Development\\Code\\larang-topup\\back-end\\vendor\\laravel\\framework\\src\\Illuminate\\Foundation\\Application.php(574): Illuminate\\Foundation\\ProviderRepository->load(Array)
#3 F:\\Study\\TopUp\\COMP1640 - Enterprise Web Software Development\\Code\\larang-topup\\back-end\\vendor\\laravel\\framework\\src\\Illuminate\\Foundation\\Bootstrap\\RegisterProviders.php(17): Illuminate\\Foundation\\Application->registerConfiguredProviders()
#4 F:\\Study\\TopUp\\COMP1640 - Enterprise Web Software Development\\Code\\larang-topup\\back-end\\vendor\\laravel\\framework\\src\\Illuminate\\Foundation\\Application.php(211): Illuminate\\Foundation\\Bootstrap\\RegisterProviders->bootstrap(Object(Illuminate\\Foundation\\Application))
#5 F:\\Study\\TopUp\\COMP1640 - Enterprise Web Software Development\\Code\\larang-topup\\back-end\\vendor\\laravel\\framework\\src\\Illuminate\\Foundation\\Console\\Kernel.php(297): Illuminate\\Foundation\\Application->bootstrapWith(Array)
#6 F:\\Study\\TopUp\\COMP1640 - Enterprise Web Software Development\\Code\\larang-topup\\back-end\\vendor\\laravel\\framework\\src\\Illuminate\\Foundation\\Console\\Kernel.php(120): Illuminate\\Foundation\\Console\\Kernel->bootstrap()
#7 F:\\Study\\TopUp\\COMP1640 - Enterprise Web Software Development\\Code\\larang-topup\\back-end\\artisan(37): Illuminate\\Foundation\\Console\\Kernel->handle(Object(Symfony\\Component\\Console\\Input\\ArgvInput), Object(Symfony\\Component\\Console\\Output\\ConsoleOutput))
#8 {main}
"} 
[2019-03-04 03:41:20] local.ERROR: Class 'Tymon\JWTAuth\Providers\JWTAuthServiceProvider' not found {"exception":"[object] (Symfony\\Component\\Debug\\Exception\\FatalThrowableError(code: 0): Class 'Tymon\\JWTAuth\\Providers\\JWTAuthServiceProvider' not found at F:\\Study\\TopUp\\COMP1640 - Enterprise Web Software Development\\Code\\larang-topup\\back-end\\vendor\\laravel\\framework\\src\\Illuminate\\Foundation\\ProviderRepository.php:208)
[stacktrace]
#0 F:\\Study\\TopUp\\COMP1640 - Enterprise Web Software Development\\Code\\larang-topup\\back-end\\vendor\\laravel\\framework\\src\\Illuminate\\Foundation\\ProviderRepository.php(144): Illuminate\\Foundation\\ProviderRepository->createProvider('Tymon\\\\JWTAuth\\\\P...')
#1 F:\\Study\\TopUp\\COMP1640 - Enterprise Web Software Development\\Code\\larang-topup\\back-end\\vendor\\laravel\\framework\\src\\Illuminate\\Foundation\\ProviderRepository.php(61): Illuminate\\Foundation\\ProviderRepository->compileManifest(Array)
#2 F:\\Study\\TopUp\\COMP1640 - Enterprise Web Software Development\\Code\\larang-topup\\back-end\\vendor\\laravel\\framework\\src\\Illuminate\\Foundation\\Application.php(574): Illuminate\\Foundation\\ProviderRepository->load(Array)
#3 F:\\Study\\TopUp\\COMP1640 - Enterprise Web Software Development\\Code\\larang-topup\\back-end\\vendor\\laravel\\framework\\src\\Illuminate\\Foundation\\Bootstrap\\RegisterProviders.php(17): Illuminate\\Foundation\\Application->registerConfiguredProviders()
#4 F:\\Study\\TopUp\\COMP1640 - Enterprise Web Software Development\\Code\\larang-topup\\back-end\\vendor\\laravel\\framework\\src\\Illuminate\\Foundation\\Application.php(211): Illuminate\\Foundation\\Bootstrap\\RegisterProviders->bootstrap(Object(Illuminate\\Foundation\\Application))
#5 F:\\Study\\TopUp\\COMP1640 - Enterprise Web Software Development\\Code\\larang-topup\\back-end\\vendor\\laravel\\framework\\src\\Illuminate\\Foundation\\Console\\Kernel.php(297): Illuminate\\Foundation\\Application->bootstrapWith(Array)
#6 F:\\Study\\TopUp\\COMP1640 - Enterprise Web Software Development\\Code\\larang-topup\\back-end\\vendor\\laravel\\framework\\src\\Illuminate\\Foundation\\Console\\Kernel.php(120): Illuminate\\Foundation\\Console\\Kernel->bootstrap()
#7 F:\\Study\\TopUp\\COMP1640 - Enterprise Web Software Development\\Code\\larang-topup\\back-end\\artisan(37): Illuminate\\Foundation\\Console\\Kernel->handle(Object(Symfony\\Component\\Console\\Input\\ArgvInput), Object(Symfony\\Component\\Console\\Output\\ConsoleOutput))
#8 {main}
"} 
[2019-03-04 03:43:37] local.ERROR: Class 'Tymon\JWTAuth\Providers\LaravelServiceProvider' not found {"exception":"[object] (Symfony\\Component\\Debug\\Exception\\FatalThrowableError(code: 0): Class 'Tymon\\JWTAuth\\Providers\\LaravelServiceProvider' not found at F:\\Study\\TopUp\\COMP1640 - Enterprise Web Software Development\\Code\\larang-topup\\back-end\\vendor\\laravel\\framework\\src\\Illuminate\\Foundation\\ProviderRepository.php:208)
[stacktrace]
#0 F:\\Study\\TopUp\\COMP1640 - Enterprise Web Software Development\\Code\\larang-topup\\back-end\\vendor\\laravel\\framework\\src\\Illuminate\\Foundation\\ProviderRepository.php(144): Illuminate\\Foundation\\ProviderRepository->createProvider('Tymon\\\\JWTAuth\\\\P...')
#1 F:\\Study\\TopUp\\COMP1640 - Enterprise Web Software Development\\Code\\larang-topup\\back-end\\vendor\\laravel\\framework\\src\\Illuminate\\Foundation\\ProviderRepository.php(61): Illuminate\\Foundation\\ProviderRepository->compileManifest(Array)
#2 F:\\Study\\TopUp\\COMP1640 - Enterprise Web Software Development\\Code\\larang-topup\\back-end\\vendor\\laravel\\framework\\src\\Illuminate\\Foundation\\Application.php(574): Illuminate\\Foundation\\ProviderRepository->load(Array)
#3 F:\\Study\\TopUp\\COMP1640 - Enterprise Web Software Development\\Code\\larang-topup\\back-end\\vendor\\laravel\\framework\\src\\Illuminate\\Foundation\\Bootstrap\\RegisterProviders.php(17): Illuminate\\Foundation\\Application->registerConfiguredProviders()
#4 F:\\Study\\TopUp\\COMP1640 - Enterprise Web Software Development\\Code\\larang-topup\\back-end\\vendor\\laravel\\framework\\src\\Illuminate\\Foundation\\Application.php(211): Illuminate\\Foundation\\Bootstrap\\RegisterProviders->bootstrap(Object(Illuminate\\Foundation\\Application))
#5 F:\\Study\\TopUp\\COMP1640 - Enterprise Web Software Development\\Code\\larang-topup\\back-end\\vendor\\laravel\\framework\\src\\Illuminate\\Foundation\\Console\\Kernel.php(297): Illuminate\\Foundation\\Application->bootstrapWith(Array)
#6 F:\\Study\\TopUp\\COMP1640 - Enterprise Web Software Development\\Code\\larang-topup\\back-end\\vendor\\laravel\\framework\\src\\Illuminate\\Foundation\\Console\\Kernel.php(120): Illuminate\\Foundation\\Console\\Kernel->bootstrap()
#7 F:\\Study\\TopUp\\COMP1640 - Enterprise Web Software Development\\Code\\larang-topup\\back-end\\artisan(37): Illuminate\\Foundation\\Console\\Kernel->handle(Object(Symfony\\Component\\Console\\Input\\ArgvInput), Object(Symfony\\Component\\Console\\Output\\ConsoleOutput))
#8 {main}
"} 
[2019-03-04 03:45:19] local.ERROR: Method Tymon\JWTAuth\Commands\JWTGenerateCommand::handle() does not exist {"exception":"[object] (ReflectionException(code: 0): Method Tymon\\JWTAuth\\Commands\\JWTGenerateCommand::handle() does not exist at F:\\Study\\TopUp\\COMP1640 - Enterprise Web Software Development\\Code\\larang-topup\\back-end\\vendor\\laravel\\framework\\src\\Illuminate\\Container\\BoundMethod.php:137)
[stacktrace]
#0 F:\\Study\\TopUp\\COMP1640 - Enterprise Web Software Development\\Code\\larang-topup\\back-end\\vendor\\laravel\\framework\\src\\Illuminate\\Container\\BoundMethod.php(137): ReflectionMethod->__construct(Object(Tymon\\JWTAuth\\Commands\\JWTGenerateCommand), 'handle')
#1 F:\\Study\\TopUp\\COMP1640 - Enterprise Web Software Development\\Code\\larang-topup\\back-end\\vendor\\laravel\\framework\\src\\Illuminate\\Container\\BoundMethod.php(115): Illuminate\\Container\\BoundMethod::getCallReflector(Array)
#2 F:\\Study\\TopUp\\COMP1640 - Enterprise Web Software Development\\Code\\larang-topup\\back-end\\vendor\\laravel\\framework\\src\\Illuminate\\Container\\BoundMethod.php(29): Illuminate\\Container\\BoundMethod::getMethodDependencies(Object(Illuminate\\Foundation\\Application), Array, Array)
#3 F:\\Study\\TopUp\\COMP1640 - Enterprise Web Software Development\\Code\\larang-topup\\back-end\\vendor\\laravel\\framework\\src\\Illuminate\\Container\\BoundMethod.php(87): Illuminate\\Container\\BoundMethod::Illuminate\\Container\\{closure}()
#4 F:\\Study\\TopUp\\COMP1640 - Enterprise Web Software Development\\Code\\larang-topup\\back-end\\vendor\\laravel\\framework\\src\\Illuminate\\Container\\BoundMethod.php(31): Illuminate\\Container\\BoundMethod::callBoundMethod(Object(Illuminate\\Foundation\\Application), Array, Object(Closure))
#5 F:\\Study\\TopUp\\COMP1640 - Enterprise Web Software Development\\Code\\larang-topup\\back-end\\vendor\\laravel\\framework\\src\\Illuminate\\Container\\Container.php(572): Illuminate\\Container\\BoundMethod::call(Object(Illuminate\\Foundation\\Application), Array, Array, NULL)
#6 F:\\Study\\TopUp\\COMP1640 - Enterprise Web Software Development\\Code\\larang-topup\\back-end\\vendor\\laravel\\framework\\src\\Illuminate\\Console\\Command.php(183): Illuminate\\Container\\Container->call(Array)
#7 F:\\Study\\TopUp\\COMP1640 - Enterprise Web Software Development\\Code\\larang-topup\\back-end\\vendor\\symfony\\console\\Command\\Command.php(255): Illuminate\\Console\\Command->execute(Object(Symfony\\Component\\Console\\Input\\ArgvInput), Object(Illuminate\\Console\\OutputStyle))
#8 F:\\Study\\TopUp\\COMP1640 - Enterprise Web Software Development\\Code\\larang-topup\\back-end\\vendor\\laravel\\framework\\src\\Illuminate\\Console\\Command.php(170): Symfony\\Component\\Console\\Command\\Command->run(Object(Symfony\\Component\\Console\\Input\\ArgvInput), Object(Illuminate\\Console\\OutputStyle))
#9 F:\\Study\\TopUp\\COMP1640 - Enterprise Web Software Development\\Code\\larang-topup\\back-end\\vendor\\symfony\\console\\Application.php(908): Illuminate\\Console\\Command->run(Object(Symfony\\Component\\Console\\Input\\ArgvInput), Object(Symfony\\Component\\Console\\Output\\ConsoleOutput))
#10 F:\\Study\\TopUp\\COMP1640 - Enterprise Web Software Development\\Code\\larang-topup\\back-end\\vendor\\symfony\\console\\Application.php(269): Symfony\\Component\\Console\\Application->doRunCommand(Object(Tymon\\JWTAuth\\Commands\\JWTGenerateCommand), Object(Symfony\\Component\\Console\\Input\\ArgvInput), Object(Symfony\\Component\\Console\\Output\\ConsoleOutput))
#11 F:\\Study\\TopUp\\COMP1640 - Enterprise Web Software Development\\Code\\larang-topup\\back-end\\vendor\\symfony\\console\\Application.php(145): Symfony\\Component\\Console\\Application->doRun(Object(Symfony\\Component\\Console\\Input\\ArgvInput), Object(Symfony\\Component\\Console\\Output\\ConsoleOutput))
#12 F:\\Study\\TopUp\\COMP1640 - Enterprise Web Software Development\\Code\\larang-topup\\back-end\\vendor\\laravel\\framework\\src\\Illuminate\\Console\\Application.php(89): Symfony\\Component\\Console\\Application->run(Object(Symfony\\Component\\Console\\Input\\ArgvInput), Object(Symfony\\Component\\Console\\Output\\ConsoleOutput))
#13 F:\\Study\\TopUp\\COMP1640 - Enterprise Web Software Development\\Code\\larang-topup\\back-end\\vendor\\laravel\\framework\\src\\Illuminate\\Foundation\\Console\\Kernel.php(122): Illuminate\\Console\\Application->run(Object(Symfony\\Component\\Console\\Input\\ArgvInput), Object(Symfony\\Component\\Console\\Output\\ConsoleOutput))
#14 F:\\Study\\TopUp\\COMP1640 - Enterprise Web Software Development\\Code\\larang-topup\\back-end\\artisan(37): Illuminate\\Foundation\\Console\\Kernel->handle(Object(Symfony\\Component\\Console\\Input\\ArgvInput), Object(Symfony\\Component\\Console\\Output\\ConsoleOutput))
#15 {main}
"} 
